This file contains any messages produced by compilers while
running configure, to aid debugging if configure makes a mistake.

It was created by glu configure 9.0.1, which was
generated by GNU Autoconf 2.69.  Invocation command line was

  $ ./configure --prefix= --disable-static

## --------- ##
## Platform. ##
## --------- ##

hostname = PC
uname -m = x86_64
uname -r = 5.6.3-noname
uname -s = Linux
uname -v = #1 SMP PREEMPT Thu Apr 9 18:35:33 CST 2020

/usr/bin/uname -p = unknown
/bin/uname -X     = unknown

/bin/arch              = unknown
/usr/bin/arch -k       = unknown
/usr/convex/getsysinfo = unknown
/usr/bin/hostinfo      = unknown
/bin/machine           = unknown
/usr/bin/oslevel       = unknown
/bin/universe          = unknown

PATH: /lib/ccache
PATH: /home/xhe/.local/perl5/bin
PATH: /bin
PATH: /sbin
PATH: ~/.local/bin
PATH: /lib/jvm/java-8-openjdk//bin
PATH: /usr/bin/site_perl
PATH: /usr/bin/vendor_perl
PATH: /usr/bin/core_perl
PATH: /home/xhe/.npm-packages/bin
PATH: /home/xhe/.local/go/bin
PATH: /home/xhe/.local/bin


## ----------- ##
## Core tests. ##
## ----------- ##

configure:2462: checking build system type
configure:2476: result: x86_64-pc-linux-gnu
configure:2496: checking host system type
configure:2509: result: x86_64-pc-linux-gnu
configure:2546: checking for a BSD-compatible install
configure:2614: result: /bin/install -c
configure:2625: checking whether build environment is sane
configure:2680: result: yes
configure:2831: checking for a thread-safe mkdir -p
configure:2870: result: /bin/mkdir -p
configure:2877: checking for gawk
configure:2893: found /bin/gawk
configure:2904: result: gawk
configure:2915: checking whether make sets $(MAKE)
configure:2937: result: yes
configure:2966: checking whether make supports nested variables
configure:2983: result: yes
configure:3157: checking how to print strings
configure:3184: result: printf
configure:3209: checking whether make supports the include directive
configure:3224: make -f confmf.GNU && cat confinc.out
this is the am__doit target
configure:3227: $? = 0
configure:3246: result: yes (GNU style)
configure:3316: checking for gcc
configure:3332: found /lib/ccache/gcc
configure:3343: result: gcc
configure:3572: checking for C compiler version
configure:3581: gcc --version >&5
gcc (noname) 9.2.0
Copyright (C) 2019 Free Software Foundation, Inc.
This is free software; see the source for copying conditions.  There is NO
warranty; not even for MERCHANTABILITY or FITNESS FOR A PARTICULAR PURPOSE.

configure:3592: $? = 0
configure:3581: gcc -v >&5
Using built-in specs.
COLLECT_GCC=/bin/gcc
COLLECT_LTO_WRAPPER=/lib/gcc/x86_64-pc-linux-musl/9.2.0/lto-wrapper
Target: x86_64-pc-linux-musl
Configured with: ../gcc-9.2.0/configure --host=x86_64-pc-linux-musl --build=x86_64-pc-linux-musl --target=x86_64-pc-linux-musl --prefix= --libexecdir=/lib --enable-languages=c,c++,lto --with-pkgversion=noname --with-isl --enable-shared --enable-threads=posix --enable-checking=release --enable-cloog-backend --enable-libstdcxx-time --with-system-zlib --enable-__cxa_atexit --with-linker-hash-style=gnu --enable-linker-build-id --enable-cet=auto --enable-default-pie --enable-default-ssp --enable-gnu-indirect-function --enable-lto --enable-plugin --disable-vtable-verify --disable-target-libiberty --disable-fixed-point --disable-libstdcxx-pch --disable-libunwind-exceptions --disable-libsanitizer --disable-libmudflap --disable-libmpx --disable-libssp --disable-werror --disable-symvers --enable-clocale=generic --enable-nls --enable-multilib --disable-bootstrap
Thread model: posix
gcc version 9.2.0 (noname) 
configure:3592: $? = 0
configure:3581: gcc -V >&5
gcc: error: unrecognized command line option '-V'
gcc: fatal error: no input files
compilation terminated.
configure:3592: $? = 1
configure:3581: gcc -qversion >&5
gcc: error: unrecognized command line option '-qversion'; did you mean '--version'?
gcc: fatal error: no input files
compilation terminated.
configure:3592: $? = 1
configure:3612: checking whether the C compiler works
configure:3634: gcc -march=x86-64 -mtune=generic -O2 -pipe -fstack-protector-strong -fno-plt  -Wl,--gc-sections -Wl,-O1,--sort-common,--as-needed,-z,relro conftest.c  >&5
configure:3638: $? = 0
configure:3686: result: yes
configure:3689: checking for C compiler default output file name
configure:3691: result: a.out
configure:3697: checking for suffix of executables
configure:3704: gcc -o conftest -march=x86-64 -mtune=generic -O2 -pipe -fstack-protector-strong -fno-plt  -Wl,--gc-sections -Wl,-O1,--sort-common,--as-needed,-z,relro conftest.c  >&5
configure:3708: $? = 0
configure:3730: result: 
configure:3752: checking whether we are cross compiling
configure:3760: gcc -o conftest -march=x86-64 -mtune=generic -O2 -pipe -fstack-protector-strong -fno-plt  -Wl,--gc-sections -Wl,-O1,--sort-common,--as-needed,-z,relro conftest.c  >&5
configure:3764: $? = 0
configure:3771: ./conftest
configure:3775: $? = 0
configure:3790: result: no
configure:3795: checking for suffix of object files
configure:3817: gcc -c -march=x86-64 -mtune=generic -O2 -pipe -fstack-protector-strong -fno-plt  conftest.c >&5
configure:3821: $? = 0
configure:3842: result: o
configure:3846: checking whether we are using the GNU C compiler
configure:3865: gcc -c -march=x86-64 -mtune=generic -O2 -pipe -fstack-protector-strong -fno-plt  conftest.c >&5
configure:3865: $? = 0
configure:3874: result: yes
configure:3883: checking whether gcc accepts -g
configure:3903: gcc -c -g  conftest.c >&5
configure:3903: $? = 0
configure:3944: result: yes
configure:3961: checking for gcc option to accept ISO C89
configure:4024: gcc  -c -march=x86-64 -mtune=generic -O2 -pipe -fstack-protector-strong -fno-plt  conftest.c >&5
configure:4024: $? = 0
configure:4037: result: none needed
configure:4062: checking whether gcc understands -c and -o together
configure:4084: gcc -c conftest.c -o conftest2.o
configure:4087: $? = 0
configure:4084: gcc -c conftest.c -o conftest2.o
configure:4087: $? = 0
configure:4099: result: yes
configure:4118: checking dependency style of gcc
configure:4229: result: gcc3
configure:4244: checking for a sed that does not truncate output
configure:4308: result: /bin/sed
configure:4326: checking for grep that handles long lines and -e
configure:4384: result: /bin/grep
configure:4389: checking for egrep
configure:4451: result: /bin/grep -E
configure:4456: checking for fgrep
configure:4518: result: /bin/grep -F
configure:4553: checking for ld used by gcc
configure:4620: result: /bin/ld
configure:4627: checking if the linker (/bin/ld) is GNU ld
configure:4642: result: yes
configure:4654: checking for BSD- or MS-compatible name lister (nm)
configure:4708: result: /bin/nm -B
configure:4838: checking the name lister (/bin/nm -B) interface
configure:4845: gcc -c -march=x86-64 -mtune=generic -O2 -pipe -fstack-protector-strong -fno-plt  conftest.c >&5
configure:4848: /bin/nm -B "conftest.o"
configure:4851: output
0000000000000000 B some_variable
configure:4858: result: BSD nm
configure:4861: checking whether ln -s works
configure:4865: result: yes
configure:4873: checking the maximum length of command line arguments
configure:5004: result: 98304
configure:5052: checking how to convert x86_64-pc-linux-gnu file names to x86_64-pc-linux-gnu format
configure:5092: result: func_convert_file_noop
configure:5099: checking how to convert x86_64-pc-linux-gnu file names to toolchain format
configure:5119: result: func_convert_file_noop
configure:5126: checking for /bin/ld option to reload object files
configure:5133: result: -r
configure:5207: checking for objdump
configure:5223: found /bin/objdump
configure:5234: result: objdump
configure:5266: checking how to recognize dependent libraries
configure:5466: result: pass_all
configure:5551: checking for dlltool
configure:5581: result: no
configure:5611: checking how to associate runtime and link libraries
configure:5638: result: printf %s\n
configure:5699: checking for ar
configure:5715: found /bin/ar
configure:5726: result: ar
configure:5763: checking for archiver @FILE support
configure:5780: gcc -c -march=x86-64 -mtune=generic -O2 -pipe -fstack-protector-strong -fno-plt  conftest.c >&5
configure:5780: $? = 0
configure:5783: ar cru libconftest.a @conftest.lst >&5
ar: `u' modifier ignored since `D' is the default (see `U')
configure:5786: $? = 0
configure:5791: ar cru libconftest.a @conftest.lst >&5
ar: `u' modifier ignored since `D' is the default (see `U')
ar: conftest.o: No such file or directory
configure:5794: $? = 1
configure:5806: result: @
configure:5864: checking for strip
configure:5880: found /bin/strip
configure:5891: result: strip
configure:5963: checking for ranlib
configure:5979: found /bin/ranlib
configure:5990: result: ranlib
configure:6092: checking command to parse /bin/nm -B output from gcc object
configure:6245: gcc -c -march=x86-64 -mtune=generic -O2 -pipe -fstack-protector-strong -fno-plt  conftest.c >&5
configure:6248: $? = 0
configure:6252: /bin/nm -B conftest.o \| sed -n -e 's/^.*[ ]\([ABCDGIRSTW][ABCDGIRSTW]*\)[ ][ ]*\([_A-Za-z][_A-Za-z0-9]*\)$/  /p' | sed '/ __gnu_lto/d' \> conftest.nm
configure:6255: $? = 0
configure:6321: gcc -o conftest -march=x86-64 -mtune=generic -O2 -pipe -fstack-protector-strong -fno-plt  -Wl,--gc-sections -Wl,-O1,--sort-common,--as-needed,-z,relro conftest.c conftstm.o >&5
configure:6324: $? = 0
configure:6362: result: ok
configure:6409: checking for sysroot
configure:6439: result: no
configure:6446: checking for a working dd
configure:6484: result: /bin/dd
configure:6488: checking how to truncate binary pipes
configure:6503: result: /bin/dd bs=4096 count=1
configure:6639: gcc -c -march=x86-64 -mtune=generic -O2 -pipe -fstack-protector-strong -fno-plt  conftest.c >&5
configure:6642: $? = 0
configure:6832: checking for mt
configure:6862: result: no
configure:6882: checking if : is a manifest tool
configure:6888: : '-?'
configure:6896: result: no
configure:7573: checking how to run the C preprocessor
configure:7604: gcc -E  conftest.c
configure:7604: $? = 0
configure:7618: gcc -E  conftest.c
conftest.c:11:10: fatal error: ac_nonexistent.h: No such file or directory
   11 | #include <ac_nonexistent.h>
      |          ^~~~~~~~~~~~~~~~~~
compilation terminated.
configure:7618: $? = 1
configure: failed program was:
| /* confdefs.h */
| #define PACKAGE_NAME "glu"
| #define PACKAGE_TARNAME "glu"
| #define PACKAGE_VERSION "9.0.1"
| #define PACKAGE_STRING "glu 9.0.1"
| #define PACKAGE_BUGREPORT "https://bugs.freedesktop.org/enter_bug.cgi?product=Mesa&component=GLU"
| #define PACKAGE_URL ""
| #define PACKAGE "glu"
| #define VERSION "9.0.1"
| /* end confdefs.h.  */
| #include <ac_nonexistent.h>
configure:7643: result: gcc -E
configure:7663: gcc -E  conftest.c
configure:7663: $? = 0
configure:7677: gcc -E  conftest.c
conftest.c:11:10: fatal error: ac_nonexistent.h: No such file or directory
   11 | #include <ac_nonexistent.h>
      |          ^~~~~~~~~~~~~~~~~~
compilation terminated.
configure:7677: $? = 1
configure: failed program was:
| /* confdefs.h */
| #define PACKAGE_NAME "glu"
| #define PACKAGE_TARNAME "glu"
| #define PACKAGE_VERSION "9.0.1"
| #define PACKAGE_STRING "glu 9.0.1"
| #define PACKAGE_BUGREPORT "https://bugs.freedesktop.org/enter_bug.cgi?product=Mesa&component=GLU"
| #define PACKAGE_URL ""
| #define PACKAGE "glu"
| #define VERSION "9.0.1"
| /* end confdefs.h.  */
| #include <ac_nonexistent.h>
configure:7706: checking for ANSI C header files
configure:7726: gcc -c -march=x86-64 -mtune=generic -O2 -pipe -fstack-protector-strong -fno-plt  conftest.c >&5
configure:7726: $? = 0
configure:7799: gcc -o conftest -march=x86-64 -mtune=generic -O2 -pipe -fstack-protector-strong -fno-plt  -Wl,--gc-sections -Wl,-O1,--sort-common,--as-needed,-z,relro conftest.c  >&5
configure:7799: $? = 0
configure:7799: ./conftest
configure:7799: $? = 0
configure:7810: result: yes
configure:7823: checking for sys/types.h
configure:7823: gcc -c -march=x86-64 -mtune=generic -O2 -pipe -fstack-protector-strong -fno-plt  conftest.c >&5
configure:7823: $? = 0
configure:7823: result: yes
configure:7823: checking for sys/stat.h
configure:7823: gcc -c -march=x86-64 -mtune=generic -O2 -pipe -fstack-protector-strong -fno-plt  conftest.c >&5
configure:7823: $? = 0
configure:7823: result: yes
configure:7823: checking for stdlib.h
configure:7823: gcc -c -march=x86-64 -mtune=generic -O2 -pipe -fstack-protector-strong -fno-plt  conftest.c >&5
configure:7823: $? = 0
configure:7823: result: yes
configure:7823: checking for string.h
configure:7823: gcc -c -march=x86-64 -mtune=generic -O2 -pipe -fstack-protector-strong -fno-plt  conftest.c >&5
configure:7823: $? = 0
configure:7823: result: yes
configure:7823: checking for memory.h
configure:7823: gcc -c -march=x86-64 -mtune=generic -O2 -pipe -fstack-protector-strong -fno-plt  conftest.c >&5
configure:7823: $? = 0
configure:7823: result: yes
configure:7823: checking for strings.h
configure:7823: gcc -c -march=x86-64 -mtune=generic -O2 -pipe -fstack-protector-strong -fno-plt  conftest.c >&5
configure:7823: $? = 0
configure:7823: result: yes
configure:7823: checking for inttypes.h
configure:7823: gcc -c -march=x86-64 -mtune=generic -O2 -pipe -fstack-protector-strong -fno-plt  conftest.c >&5
configure:7823: $? = 0
configure:7823: result: yes
configure:7823: checking for stdint.h
configure:7823: gcc -c -march=x86-64 -mtune=generic -O2 -pipe -fstack-protector-strong -fno-plt  conftest.c >&5
configure:7823: $? = 0
configure:7823: result: yes
configure:7823: checking for unistd.h
configure:7823: gcc -c -march=x86-64 -mtune=generic -O2 -pipe -fstack-protector-strong -fno-plt  conftest.c >&5
configure:7823: $? = 0
configure:7823: result: yes
configure:7837: checking for dlfcn.h
configure:7837: gcc -c -march=x86-64 -mtune=generic -O2 -pipe -fstack-protector-strong -fno-plt  conftest.c >&5
configure:7837: $? = 0
configure:7837: result: yes
configure:8093: checking for objdir
configure:8108: result: .libs
configure:8368: checking if gcc supports -fno-rtti -fno-exceptions
configure:8386: gcc -c -march=x86-64 -mtune=generic -O2 -pipe -fstack-protector-strong -fno-plt  -fno-rtti -fno-exceptions conftest.c >&5
cc1: warning: command line option '-fno-rtti' is valid for C++/D/ObjC++ but not for C
configure:8390: $? = 0
configure:8403: result: no
configure:8761: checking for gcc option to produce PIC
configure:8768: result: -fPIC -DPIC
configure:8776: checking if gcc PIC flag -fPIC -DPIC works
configure:8794: gcc -c -march=x86-64 -mtune=generic -O2 -pipe -fstack-protector-strong -fno-plt  -fPIC -DPIC -DPIC conftest.c >&5
configure:8798: $? = 0
configure:8811: result: yes
configure:8840: checking if gcc static flag -static works
configure:8868: result: yes
configure:8883: checking if gcc supports -c -o file.o
configure:8904: gcc -c -march=x86-64 -mtune=generic -O2 -pipe -fstack-protector-strong -fno-plt  -o out/conftest2.o conftest.c >&5
configure:8908: $? = 0
configure:8930: result: yes
configure:8938: checking if gcc supports -c -o file.o
configure:8985: result: yes
configure:9018: checking whether the gcc linker (/bin/ld -m elf_x86_64) supports shared libraries
configure:10277: result: yes
configure:10314: checking whether -lc should be explicitly linked in
configure:10322: gcc -c -march=x86-64 -mtune=generic -O2 -pipe -fstack-protector-strong -fno-plt  conftest.c >&5
configure:10325: $? = 0
configure:10340: gcc -shared  -fPIC -DPIC conftest.o  -v -Wl,-soname -Wl,conftest -o conftest 2\>\&1 \| /bin/grep  -lc  \>/dev/null 2\>\&1
configure:10343: $? = 0
configure:10357: result: no
configure:10517: checking dynamic linker characteristics
configure:11111: gcc -o conftest -march=x86-64 -mtune=generic -O2 -pipe -fstack-protector-strong -fno-plt  -Wl,--gc-sections -Wl,-O1,--sort-common,--as-needed,-z,relro -Wl,-rpath -Wl,/foo conftest.c  >&5
configure:11111: $? = 0
configure:11348: result: GNU/Linux ld.so
configure:11470: checking how to hardcode library paths into programs
configure:11495: result: immediate
configure:12043: checking whether stripping libraries is possible
configure:12048: result: yes
configure:12083: checking if libtool supports shared libraries
configure:12085: result: yes
configure:12088: checking whether to build shared libraries
configure:12113: result: yes
configure:12116: checking whether to build static libraries
configure:12120: result: no
configure:12163: checking how to run the C preprocessor
configure:12233: result: gcc -E
configure:12253: gcc -E  conftest.c
configure:12253: $? = 0
configure:12267: gcc -E  conftest.c
conftest.c:23:10: fatal error: ac_nonexistent.h: No such file or directory
   23 | #include <ac_nonexistent.h>
      |          ^~~~~~~~~~~~~~~~~~
compilation terminated.
configure:12267: $? = 1
configure: failed program was:
| /* confdefs.h */
| #define PACKAGE_NAME "glu"
| #define PACKAGE_TARNAME "glu"
| #define PACKAGE_VERSION "9.0.1"
| #define PACKAGE_STRING "glu 9.0.1"
| #define PACKAGE_BUGREPORT "https://bugs.freedesktop.org/enter_bug.cgi?product=Mesa&component=GLU"
| #define PACKAGE_URL ""
| #define PACKAGE "glu"
| #define VERSION "9.0.1"
| #define STDC_HEADERS 1
| #define HAVE_SYS_TYPES_H 1
| #define HAVE_SYS_STAT_H 1
| #define HAVE_STDLIB_H 1
| #define HAVE_STRING_H 1
| #define HAVE_MEMORY_H 1
| #define HAVE_STRINGS_H 1
| #define HAVE_INTTYPES_H 1
| #define HAVE_STDINT_H 1
| #define HAVE_UNISTD_H 1
| #define HAVE_DLFCN_H 1
| #define LT_OBJDIR ".libs/"
| /* end confdefs.h.  */
| #include <ac_nonexistent.h>
configure:12343: checking for gcc
configure:12370: result: gcc
configure:12599: checking for C compiler version
configure:12608: gcc --version >&5
gcc (noname) 9.2.0
Copyright (C) 2019 Free Software Foundation, Inc.
This is free software; see the source for copying conditions.  There is NO
warranty; not even for MERCHANTABILITY or FITNESS FOR A PARTICULAR PURPOSE.

configure:12619: $? = 0
configure:12608: gcc -v >&5
Using built-in specs.
COLLECT_GCC=/bin/gcc
COLLECT_LTO_WRAPPER=/lib/gcc/x86_64-pc-linux-musl/9.2.0/lto-wrapper
Target: x86_64-pc-linux-musl
Configured with: ../gcc-9.2.0/configure --host=x86_64-pc-linux-musl --build=x86_64-pc-linux-musl --target=x86_64-pc-linux-musl --prefix= --libexecdir=/lib --enable-languages=c,c++,lto --with-pkgversion=noname --with-isl --enable-shared --enable-threads=posix --enable-checking=release --enable-cloog-backend --enable-libstdcxx-time --with-system-zlib --enable-__cxa_atexit --with-linker-hash-style=gnu --enable-linker-build-id --enable-cet=auto --enable-default-pie --enable-default-ssp --enable-gnu-indirect-function --enable-lto --enable-plugin --disable-vtable-verify --disable-target-libiberty --disable-fixed-point --disable-libstdcxx-pch --disable-libunwind-exceptions --disable-libsanitizer --disable-libmudflap --disable-libmpx --disable-libssp --disable-werror --disable-symvers --enable-clocale=generic --enable-nls --enable-multilib --disable-bootstrap
Thread model: posix
gcc version 9.2.0 (noname) 
configure:12619: $? = 0
configure:12608: gcc -V >&5
gcc: error: unrecognized command line option '-V'
gcc: fatal error: no input files
compilation terminated.
configure:12619: $? = 1
configure:12608: gcc -qversion >&5
gcc: error: unrecognized command line option '-qversion'; did you mean '--version'?
gcc: fatal error: no input files
compilation terminated.
configure:12619: $? = 1
configure:12623: checking whether we are using the GNU C compiler
configure:12651: result: yes
configure:12660: checking whether gcc accepts -g
configure:12721: result: yes
configure:12738: checking for gcc option to accept ISO C89
configure:12814: result: none needed
configure:12839: checking whether gcc understands -c and -o together
configure:12876: result: yes
configure:12895: checking dependency style of gcc
configure:13006: result: gcc3
configure:13079: checking for g++
configure:13095: found /lib/ccache/g++
configure:13106: result: g++
configure:13133: checking for C++ compiler version
configure:13142: g++ --version >&5
g++ (noname) 9.2.0
Copyright (C) 2019 Free Software Foundation, Inc.
This is free software; see the source for copying conditions.  There is NO
warranty; not even for MERCHANTABILITY or FITNESS FOR A PARTICULAR PURPOSE.

configure:13153: $? = 0
configure:13142: g++ -v >&5
Using built-in specs.
COLLECT_GCC=/bin/g++
COLLECT_LTO_WRAPPER=/lib/gcc/x86_64-pc-linux-musl/9.2.0/lto-wrapper
Target: x86_64-pc-linux-musl
Configured with: ../gcc-9.2.0/configure --host=x86_64-pc-linux-musl --build=x86_64-pc-linux-musl --target=x86_64-pc-linux-musl --prefix= --libexecdir=/lib --enable-languages=c,c++,lto --with-pkgversion=noname --with-isl --enable-shared --enable-threads=posix --enable-checking=release --enable-cloog-backend --enable-libstdcxx-time --with-system-zlib --enable-__cxa_atexit --with-linker-hash-style=gnu --enable-linker-build-id --enable-cet=auto --enable-default-pie --enable-default-ssp --enable-gnu-indirect-function --enable-lto --enable-plugin --disable-vtable-verify --disable-target-libiberty --disable-fixed-point --disable-libstdcxx-pch --disable-libunwind-exceptions --disable-libsanitizer --disable-libmudflap --disable-libmpx --disable-libssp --disable-werror --disable-symvers --enable-clocale=generic --enable-nls --enable-multilib --disable-bootstrap
Thread model: posix
gcc version 9.2.0 (noname) 
configure:13153: $? = 0
configure:13142: g++ -V >&5
g++: error: unrecognized command line option '-V'
g++: fatal error: no input files
compilation terminated.
configure:13153: $? = 1
configure:13142: g++ -qversion >&5
g++: error: unrecognized command line option '-qversion'; did you mean '--version'?
g++: fatal error: no input files
compilation terminated.
configure:13153: $? = 1
configure:13157: checking whether we are using the GNU C++ compiler
configure:13176: g++ -c -march=x86-64 -mtune=generic -O2 -pipe -fstack-protector-strong -fno-plt  conftest.cpp >&5
configure:13176: $? = 0
configure:13185: result: yes
configure:13194: checking whether g++ accepts -g
configure:13214: g++ -c -g  conftest.cpp >&5
configure:13214: $? = 0
configure:13255: result: yes
configure:13280: checking dependency style of g++
configure:13391: result: gcc3
configure:13424: checking how to run the C++ preprocessor
configure:13451: g++ -E  conftest.cpp
configure:13451: $? = 0
configure:13465: g++ -E  conftest.cpp
conftest.cpp:23:10: fatal error: ac_nonexistent.h: No such file or directory
   23 | #include <ac_nonexistent.h>
      |          ^~~~~~~~~~~~~~~~~~
compilation terminated.
configure:13465: $? = 1
configure: failed program was:
| /* confdefs.h */
| #define PACKAGE_NAME "glu"
| #define PACKAGE_TARNAME "glu"
| #define PACKAGE_VERSION "9.0.1"
| #define PACKAGE_STRING "glu 9.0.1"
| #define PACKAGE_BUGREPORT "https://bugs.freedesktop.org/enter_bug.cgi?product=Mesa&component=GLU"
| #define PACKAGE_URL ""
| #define PACKAGE "glu"
| #define VERSION "9.0.1"
| #define STDC_HEADERS 1
| #define HAVE_SYS_TYPES_H 1
| #define HAVE_SYS_STAT_H 1
| #define HAVE_STDLIB_H 1
| #define HAVE_STRING_H 1
| #define HAVE_MEMORY_H 1
| #define HAVE_STRINGS_H 1
| #define HAVE_INTTYPES_H 1
| #define HAVE_STDINT_H 1
| #define HAVE_UNISTD_H 1
| #define HAVE_DLFCN_H 1
| #define LT_OBJDIR ".libs/"
| /* end confdefs.h.  */
| #include <ac_nonexistent.h>
configure:13490: result: g++ -E
configure:13510: g++ -E  conftest.cpp
configure:13510: $? = 0
configure:13524: g++ -E  conftest.cpp
conftest.cpp:23:10: fatal error: ac_nonexistent.h: No such file or directory
   23 | #include <ac_nonexistent.h>
      |          ^~~~~~~~~~~~~~~~~~
compilation terminated.
configure:13524: $? = 1
configure: failed program was:
| /* confdefs.h */
| #define PACKAGE_NAME "glu"
| #define PACKAGE_TARNAME "glu"
| #define PACKAGE_VERSION "9.0.1"
| #define PACKAGE_STRING "glu 9.0.1"
| #define PACKAGE_BUGREPORT "https://bugs.freedesktop.org/enter_bug.cgi?product=Mesa&component=GLU"
| #define PACKAGE_URL ""
| #define PACKAGE "glu"
| #define VERSION "9.0.1"
| #define STDC_HEADERS 1
| #define HAVE_SYS_TYPES_H 1
| #define HAVE_SYS_STAT_H 1
| #define HAVE_STDLIB_H 1
| #define HAVE_STRING_H 1
| #define HAVE_MEMORY_H 1
| #define HAVE_STRINGS_H 1
| #define HAVE_INTTYPES_H 1
| #define HAVE_STDINT_H 1
| #define HAVE_UNISTD_H 1
| #define HAVE_DLFCN_H 1
| #define LT_OBJDIR ".libs/"
| /* end confdefs.h.  */
| #include <ac_nonexistent.h>
configure:13686: checking for ld used by g++
configure:13753: result: /bin/ld -m elf_x86_64
configure:13760: checking if the linker (/bin/ld -m elf_x86_64) is GNU ld
configure:13775: result: yes
configure:13830: checking whether the g++ linker (/bin/ld -m elf_x86_64) supports shared libraries
configure:14903: result: yes
configure:14939: g++ -c -march=x86-64 -mtune=generic -O2 -pipe -fstack-protector-strong -fno-plt  conftest.cpp >&5
configure:14942: $? = 0
configure:15423: checking for g++ option to produce PIC
configure:15430: result: -fPIC -DPIC
configure:15438: checking if g++ PIC flag -fPIC -DPIC works
configure:15456: g++ -c -march=x86-64 -mtune=generic -O2 -pipe -fstack-protector-strong -fno-plt  -fPIC -DPIC -DPIC conftest.cpp >&5
configure:15460: $? = 0
configure:15473: result: yes
configure:15496: checking if g++ static flag -static works
configure:15524: result: yes
configure:15536: checking if g++ supports -c -o file.o
configure:15557: g++ -c -march=x86-64 -mtune=generic -O2 -pipe -fstack-protector-strong -fno-plt  -o out/conftest2.o conftest.cpp >&5
configure:15561: $? = 0
configure:15583: result: yes
configure:15588: checking if g++ supports -c -o file.o
configure:15635: result: yes
configure:15665: checking whether the g++ linker (/bin/ld -m elf_x86_64) supports shared libraries
configure:15705: result: yes
configure:15846: checking dynamic linker characteristics
configure:16604: result: GNU/Linux ld.so
configure:16669: checking how to hardcode library paths into programs
configure:16694: result: immediate
configure:16746: checking whether make supports nested variables
configure:16763: result: yes
configure:16840: checking for pkg-config
configure:16858: found /bin/pkg-config
configure:16870: result: /bin/pkg-config
configure:16895: checking pkg-config is at least version 0.9.0
configure:16898: result: yes
configure:17078: checking for GL
configure:17085: $PKG_CONFIG --exists --print-errors "gl"
Package gl was not found in the pkg-config search path.
Perhaps you should add the directory containing `gl.pc'
to the PKG_CONFIG_PATH environment variable
Package 'gl', required by 'virtual:world', not found
configure:17088: $? = 1
configure:17102: $PKG_CONFIG --exists --print-errors "gl"
Package gl was not found in the pkg-config search path.
Perhaps you should add the directory containing `gl.pc'
to the PKG_CONFIG_PATH environment variable
Package 'gl', required by 'virtual:world', not found
configure:17105: $? = 1
configure:17119: result: no
Package 'gl', required by 'virtual:world', not found
configure:17136: checking GL/gl.h usability
configure:17136: gcc -c -march=x86-64 -mtune=generic -O2 -pipe -fstack-protector-strong -fno-plt -DNDEBUG  conftest.c >&5
configure:17136: $? = 0
configure:17136: result: yes
configure:17136: checking GL/gl.h presence
configure:17136: gcc -E  conftest.c
configure:17136: $? = 0
configure:17136: result: yes
configure:17136: checking for GL/gl.h
configure:17136: result: yes
configure:17144: checking for glBegin in -lGL
configure:17169: gcc -o conftest -march=x86-64 -mtune=generic -O2 -pipe -fstack-protector-strong -fno-plt -DNDEBUG  -Wl,--gc-sections -Wl,-O1,--sort-common,--as-needed,-z,relro conftest.c -lGL   >&5
/bin/ld: cannot find -lGL
collect2: error: ld returned 1 exit status
configure:17169: $? = 1
configure: failed program was:
| /* confdefs.h */
| #define PACKAGE_NAME "glu"
| #define PACKAGE_TARNAME "glu"
| #define PACKAGE_VERSION "9.0.1"
| #define PACKAGE_STRING "glu 9.0.1"
| #define PACKAGE_BUGREPORT "https://bugs.freedesktop.org/enter_bug.cgi?product=Mesa&component=GLU"
| #define PACKAGE_URL ""
| #define PACKAGE "glu"
| #define VERSION "9.0.1"
| #define STDC_HEADERS 1
| #define HAVE_SYS_TYPES_H 1
| #define HAVE_SYS_STAT_H 1
| #define HAVE_STDLIB_H 1
| #define HAVE_STRING_H 1
| #define HAVE_MEMORY_H 1
| #define HAVE_STRINGS_H 1
| #define HAVE_INTTYPES_H 1
| #define HAVE_STDINT_H 1
| #define HAVE_UNISTD_H 1
| #define HAVE_DLFCN_H 1
| #define LT_OBJDIR ".libs/"
| /* end confdefs.h.  */
| 
| /* Override any GCC internal prototype to avoid an error.
|    Use char because int might match the return type of a GCC
|    builtin and then its argument prototype would still apply.  */
| #ifdef __cplusplus
| extern "C"
| #endif
| char glBegin ();
| int
| main ()
| {
| return glBegin ();
|   ;
|   return 0;
| }
configure:17178: result: no
configure:17183: error: GL required

## ---------------- ##
## Cache variables. ##
## ---------------- ##

ac_cv_build='x86_64-pc-linux-gnu'
ac_cv_c_compiler_gnu='yes'
ac_cv_cxx_compiler_gnu='yes'
ac_cv_env_CCC_set=''
ac_cv_env_CCC_value=''
ac_cv_env_CC_set=''
ac_cv_env_CC_value=''
ac_cv_env_CFLAGS_set='set'
ac_cv_env_CFLAGS_value='-march=x86-64 -mtune=generic -O2 -pipe -fstack-protector-strong -fno-plt'
ac_cv_env_CPPFLAGS_set=''
ac_cv_env_CPPFLAGS_value=''
ac_cv_env_CPP_set=''
ac_cv_env_CPP_value=''
ac_cv_env_CXXCPP_set=''
ac_cv_env_CXXCPP_value=''
ac_cv_env_CXXFLAGS_set='set'
ac_cv_env_CXXFLAGS_value='-march=x86-64 -mtune=generic -O2 -pipe -fstack-protector-strong -fno-plt'
ac_cv_env_CXX_set=''
ac_cv_env_CXX_value=''
ac_cv_env_GL_CFLAGS_set=''
ac_cv_env_GL_CFLAGS_value=''
ac_cv_env_GL_LIBS_set=''
ac_cv_env_GL_LIBS_value=''
ac_cv_env_LDFLAGS_set='set'
ac_cv_env_LDFLAGS_value='-Wl,--gc-sections -Wl,-O1,--sort-common,--as-needed,-z,relro'
ac_cv_env_LIBS_set=''
ac_cv_env_LIBS_value=''
ac_cv_env_LT_SYS_LIBRARY_PATH_set=''
ac_cv_env_LT_SYS_LIBRARY_PATH_value=''
ac_cv_env_OSMESA_CFLAGS_set=''
ac_cv_env_OSMESA_CFLAGS_value=''
ac_cv_env_OSMESA_LIBS_set=''
ac_cv_env_OSMESA_LIBS_value=''
ac_cv_env_PKG_CONFIG_LIBDIR_set=''
ac_cv_env_PKG_CONFIG_LIBDIR_value=''
ac_cv_env_PKG_CONFIG_PATH_set=''
ac_cv_env_PKG_CONFIG_PATH_value=''
ac_cv_env_PKG_CONFIG_set=''
ac_cv_env_PKG_CONFIG_value=''
ac_cv_env_build_alias_set=''
ac_cv_env_build_alias_value=''
ac_cv_env_host_alias_set=''
ac_cv_env_host_alias_value=''
ac_cv_env_target_alias_set=''
ac_cv_env_target_alias_value=''
ac_cv_header_GL_gl_h='yes'
ac_cv_header_dlfcn_h='yes'
ac_cv_header_inttypes_h='yes'
ac_cv_header_memory_h='yes'
ac_cv_header_stdc='yes'
ac_cv_header_stdint_h='yes'
ac_cv_header_stdlib_h='yes'
ac_cv_header_string_h='yes'
ac_cv_header_strings_h='yes'
ac_cv_header_sys_stat_h='yes'
ac_cv_header_sys_types_h='yes'
ac_cv_header_unistd_h='yes'
ac_cv_host='x86_64-pc-linux-gnu'
ac_cv_lib_GL_glBegin='no'
ac_cv_objext='o'
ac_cv_path_EGREP='/bin/grep -E'
ac_cv_path_FGREP='/bin/grep -F'
ac_cv_path_GREP='/bin/grep'
ac_cv_path_SED='/bin/sed'
ac_cv_path_ac_pt_PKG_CONFIG='/bin/pkg-config'
ac_cv_path_install='/bin/install -c'
ac_cv_path_lt_DD='/bin/dd'
ac_cv_path_mkdir='/bin/mkdir'
ac_cv_prog_AWK='gawk'
ac_cv_prog_CPP='gcc -E'
ac_cv_prog_CXXCPP='g++ -E'
ac_cv_prog_ac_ct_AR='ar'
ac_cv_prog_ac_ct_CC='gcc'
ac_cv_prog_ac_ct_CXX='g++'
ac_cv_prog_ac_ct_OBJDUMP='objdump'
ac_cv_prog_ac_ct_RANLIB='ranlib'
ac_cv_prog_ac_ct_STRIP='strip'
ac_cv_prog_cc_c89=''
ac_cv_prog_cc_g='yes'
ac_cv_prog_cxx_g='yes'
ac_cv_prog_make_make_set='yes'
am_cv_CC_dependencies_compiler_type='gcc3'
am_cv_CXX_dependencies_compiler_type='gcc3'
am_cv_make_support_nested_variables='yes'
am_cv_prog_cc_c_o='yes'
lt_cv_ar_at_file='@'
lt_cv_archive_cmds_need_lc='no'
lt_cv_deplibs_check_method='pass_all'
lt_cv_file_magic_cmd='$MAGIC_CMD'
lt_cv_file_magic_test_file=''
lt_cv_ld_reload_flag='-r'
lt_cv_nm_interface='BSD nm'
lt_cv_objdir='.libs'
lt_cv_path_LD='/bin/ld'
lt_cv_path_LDCXX='/bin/ld -m elf_x86_64'
lt_cv_path_NM='/bin/nm -B'
lt_cv_path_mainfest_tool='no'
lt_cv_prog_compiler_c_o='yes'
lt_cv_prog_compiler_c_o_CXX='yes'
lt_cv_prog_compiler_pic='-fPIC -DPIC'
lt_cv_prog_compiler_pic_CXX='-fPIC -DPIC'
lt_cv_prog_compiler_pic_works='yes'
lt_cv_prog_compiler_pic_works_CXX='yes'
lt_cv_prog_compiler_rtti_exceptions='no'
lt_cv_prog_compiler_static_works='yes'
lt_cv_prog_compiler_static_works_CXX='yes'
lt_cv_prog_gnu_ld='yes'
lt_cv_prog_gnu_ldcxx='yes'
lt_cv_sharedlib_from_linklib_cmd='printf %s\n'
lt_cv_shlibpath_overrides_runpath='no'
lt_cv_sys_global_symbol_pipe='sed -n -e '"'"'s/^.*[	 ]\([ABCDGIRSTW][ABCDGIRSTW]*\)[	 ][	 ]*\([_A-Za-z][_A-Za-z0-9]*\)$/\1 \2 \2/p'"'"' | sed '"'"'/ __gnu_lto/d'"'"
lt_cv_sys_global_symbol_to_c_name_address='sed -n -e '"'"'s/^: \(.*\) .*$/  {"\1", (void *) 0},/p'"'"' -e '"'"'s/^[ABCDGIRSTW][ABCDGIRSTW]* .* \(.*\)$/  {"\1", (void *) \&\1},/p'"'"
lt_cv_sys_global_symbol_to_c_name_address_lib_prefix='sed -n -e '"'"'s/^: \(.*\) .*$/  {"\1", (void *) 0},/p'"'"' -e '"'"'s/^[ABCDGIRSTW][ABCDGIRSTW]* .* \(lib.*\)$/  {"\1", (void *) \&\1},/p'"'"' -e '"'"'s/^[ABCDGIRSTW][ABCDGIRSTW]* .* \(.*\)$/  {"lib\1", (void *) \&\1},/p'"'"
lt_cv_sys_global_symbol_to_cdecl='sed -n -e '"'"'s/^T .* \(.*\)$/extern int \1();/p'"'"' -e '"'"'s/^[ABCDGIRSTW][ABCDGIRSTW]* .* \(.*\)$/extern char \1;/p'"'"
lt_cv_sys_global_symbol_to_import=''
lt_cv_sys_max_cmd_len='98304'
lt_cv_to_host_file_cmd='func_convert_file_noop'
lt_cv_to_tool_file_cmd='func_convert_file_noop'
lt_cv_truncate_bin='/bin/dd bs=4096 count=1'

## ----------------- ##
## Output variables. ##
## ----------------- ##

ACLOCAL='${SHELL} /home/xhe/noname-linux/ports/glu/src/glu-9.0.1/missing aclocal-1.16'
AMDEPBACKSLASH='\'
AMDEP_FALSE='#'
AMDEP_TRUE=''
AMTAR='$${TAR-tar}'
AM_BACKSLASH='\'
AM_DEFAULT_V='$(AM_DEFAULT_VERBOSITY)'
AM_DEFAULT_VERBOSITY='0'
AM_V='$(V)'
AR='ar'
AUTOCONF='${SHELL} /home/xhe/noname-linux/ports/glu/src/glu-9.0.1/missing autoconf'
AUTOHEADER='${SHELL} /home/xhe/noname-linux/ports/glu/src/glu-9.0.1/missing autoheader'
AUTOMAKE='${SHELL} /home/xhe/noname-linux/ports/glu/src/glu-9.0.1/missing automake-1.16'
AWK='gawk'
CC='gcc'
CCDEPMODE='depmode=gcc3'
CFLAGS='-march=x86-64 -mtune=generic -O2 -pipe -fstack-protector-strong -fno-plt -DNDEBUG'
CPP='gcc -E'
CPPFLAGS=''
CXX='g++'
CXXCPP='g++ -E'
CXXDEPMODE='depmode=gcc3'
CXXFLAGS='-march=x86-64 -mtune=generic -O2 -pipe -fstack-protector-strong -fno-plt -DNDEBUG'
CYGPATH_W='echo'
DEFS=''
DEPDIR='.deps'
DLLTOOL='false'
DSYMUTIL=''
DUMPBIN=''
ECHO_C=''
ECHO_N='-n'
ECHO_T=''
EGREP='/bin/grep -E'
EXEEXT=''
FGREP='/bin/grep -F'
GLU_REQUIRES='gl'
GL_CFLAGS=''
GL_LIBS=''
GREP='/bin/grep'
INSTALL_DATA='${INSTALL} -m 644'
INSTALL_PROGRAM='${INSTALL}'
INSTALL_SCRIPT='${INSTALL}'
INSTALL_STRIP_PROGRAM='$(install_sh) -c -s'
LD='/bin/ld -m elf_x86_64'
LDFLAGS='-Wl,--gc-sections -Wl,-O1,--sort-common,--as-needed,-z,relro'
LIBOBJS=''
LIBS=''
LIBTOOL='$(SHELL) $(top_builddir)/libtool'
LIPO=''
LN_S='ln -s'
LTLIBOBJS=''
LT_SYS_LIBRARY_PATH=''
MAKEINFO='${SHELL} /home/xhe/noname-linux/ports/glu/src/glu-9.0.1/missing makeinfo'
MANIFEST_TOOL=':'
MKDIR_P='/bin/mkdir -p'
NM='/bin/nm -B'
NMEDIT=''
OBJDUMP='objdump'
OBJEXT='o'
OSMESA_CFLAGS=''
OSMESA_LIBS=''
OTOOL64=''
OTOOL=''
PACKAGE='glu'
PACKAGE_BUGREPORT='https://bugs.freedesktop.org/enter_bug.cgi?product=Mesa&component=GLU'
PACKAGE_NAME='glu'
PACKAGE_STRING='glu 9.0.1'
PACKAGE_TARNAME='glu'
PACKAGE_URL=''
PACKAGE_VERSION='9.0.1'
PATH_SEPARATOR=':'
PKG_CONFIG='/bin/pkg-config'
PKG_CONFIG_LIBDIR=''
PKG_CONFIG_PATH=''
RANLIB='ranlib'
SED='/bin/sed'
SET_MAKE=''
SHELL='/bin/sh'
STRIP='strip'
VERSION='9.0.1'
VISIBILITY_CFLAGS=''
VISIBILITY_CXXFLAGS=''
WARNCFLAGS=''
WARNCXXFLAGS=''
ac_ct_AR='ar'
ac_ct_CC='gcc'
ac_ct_CXX='g++'
ac_ct_DUMPBIN=''
am__EXEEXT_FALSE=''
am__EXEEXT_TRUE=''
am__fastdepCC_FALSE='#'
am__fastdepCC_TRUE=''
am__fastdepCXX_FALSE='#'
am__fastdepCXX_TRUE=''
am__include='include'
am__isrc=''
am__leading_dot='.'
am__nodep='_no'
am__quote=''
am__tar='$${TAR-tar} chof - "$$tardir"'
am__untar='$${TAR-tar} xf -'
bindir='${exec_prefix}/bin'
build='x86_64-pc-linux-gnu'
build_alias=''
build_cpu='x86_64'
build_os='linux-gnu'
build_vendor='pc'
datadir='${datarootdir}'
datarootdir='${prefix}/share'
docdir='${datarootdir}/doc/${PACKAGE_TARNAME}'
dvidir='${docdir}'
exec_prefix='NONE'
host='x86_64-pc-linux-gnu'
host_alias=''
host_cpu='x86_64'
host_os='linux-gnu'
host_vendor='pc'
htmldir='${docdir}'
includedir='${prefix}/include'
infodir='${datarootdir}/info'
install_sh='${SHELL} /home/xhe/noname-linux/ports/glu/src/glu-9.0.1/install-sh'
libdir='${exec_prefix}/lib'
libexecdir='${exec_prefix}/libexec'
localedir='${datarootdir}/locale'
localstatedir='${prefix}/var'
mandir='${datarootdir}/man'
mkdir_p='$(MKDIR_P)'
oldincludedir='/usr/include'
pdfdir='${docdir}'
prefix=''
program_transform_name='s,x,x,'
psdir='${docdir}'
sbindir='${exec_prefix}/sbin'
sharedstatedir='${prefix}/com'
sysconfdir='${prefix}/etc'
target_alias=''

## ----------- ##
## confdefs.h. ##
## ----------- ##

/* confdefs.h */
#define PACKAGE_NAME "glu"
#define PACKAGE_TARNAME "glu"
#define PACKAGE_VERSION "9.0.1"
#define PACKAGE_STRING "glu 9.0.1"
#define PACKAGE_BUGREPORT "https://bugs.freedesktop.org/enter_bug.cgi?product=Mesa&component=GLU"
#define PACKAGE_URL ""
#define PACKAGE "glu"
#define VERSION "9.0.1"
#define STDC_HEADERS 1
#define HAVE_SYS_TYPES_H 1
#define HAVE_SYS_STAT_H 1
#define HAVE_STDLIB_H 1
#define HAVE_STRING_H 1
#define HAVE_MEMORY_H 1
#define HAVE_STRINGS_H 1
#define HAVE_INTTYPES_H 1
#define HAVE_STDINT_H 1
#define HAVE_UNISTD_H 1
#define HAVE_DLFCN_H 1
#define LT_OBJDIR ".libs/"

configure: exit 1
